✓ User logged in: piotr.prokop@promirbud.eu
[17:35:38] STATUS CHANGE: SYNCING_OK
[17:35:37] ✓ SYNC SUCCESS: ALARMS
✓ User logged in: piotr.prokop@promirbud.eu
[17:35:38] ✓ SYNC SUCCESS: TASKS
[17:35:45] STATUS CHANGE: SYNCING_OK
[17:35:38] ✓ SYNC SUCCESS: ALARMS
[17:35:45] ✓ SYNC SUCCESS: TASKS
✓ User logged in: piotr.prokop@promirbud.eu
[17:50:00] ✓ SYNC SUCCESS: ALARMS
[17:50:01] ✓ SYNC SUCCESS: TASKS
[17:50:02] STATUS CHANGE: SYNCING_OK
✓ User logged in: piotr.prokop@promirbud.eu
[18:11:46] ✓ SYNC SUCCESS: ALARMS
[18:11:47] ✓ SYNC SUCCESS: TASKS
[18:11:50] STATUS CHANGE: SYNCING_OK
[18:12:50] STATUS CHANGE: CONNECTED_IDLE
✓ User logged in: piotr.prokop@promirbud.eu
[18:19:34] ✓ SYNC SUCCESS: ALARMS
[18:19:35] ✓ SYNC SUCCESS: TASKS
[18:19:38] STATUS CHANGE: SYNCING_OK
[18:20:38] STATUS CHANGE: CONNECTED_IDLE
✓ User logged in: piotr.prokop@promirbud.eu
[18:21:58] ✓ SYNC SUCCESS: ALARMS
[18:21:59] ✓ SYNC SUCCESS: TASKS
[18:22:02] STATUS CHANGE: SYNCING_OK
[18:23:02] STATUS CHANGE: CONNECTED_IDLE
✓ User logged in: piotr.prokop@promirbud.eu
[18:29:38] ✓ SYNC SUCCESS: ALARMS
[18:29:40] ✓ SYNC SUCCESS: TASKS
[18:29:42] STATUS CHANGE: SYNCING_OK
✓ User logged in: piotr.prokop@promirbud.eu
[18:40:16] ✓ SYNC SUCCESS: TASKS
[18:40:18] STATUS CHANGE: DISCONNECTED
✓ User logged in: piotr.prokop@promirbud.eu
[18:44:05] ✓ SYNC SUCCESS: ALARMS
[18:44:07] ✓ SYNC SUCCESS: TASKS
[18:44:09] STATUS CHANGE: SYNCING_OK
[18:45:09] STATUS CHANGE: CONNECTED_IDLE
✓ User logged in: piotr.prokop@promirbud.eu
[18:45:56] ✓ SYNC SUCCESS: ALARMS
[18:46:03] ✓ SYNC SUCCESS: TASKS
[18:46:04] STATUS CHANGE: SYNCING_OK
[18:46:51] ✓ SYNC SUCCESS: POMODORO
[18:47:54] STATUS CHANGE: CONNECTED_IDLE
[18:51:52] ✓ SYNC SUCCESS: POMODORO
[18:52:54] STATUS CHANGE: CONNECTED_IDLE
✓ User logged in: piotr.prokop@promirbud.eu
[06:36:40] ✓ SYNC SUCCESS: ALARMS
[06:36:45] ✓ SYNC SUCCESS: TASKS
[06:36:46] STATUS CHANGE: SYNCING_OK
[06:37:44] STATUS CHANGE: CONNECTED_IDLE
[06:47:40] ✓ SYNC SUCCESS: POMODORO
[06:47:51] ✓ SYNC SUCCESS: POMODORO
[06:48:54] STATUS CHANGE: CONNECTED_IDLE
[07:12:54] ✓ SYNC SUCCESS: POMODORO
[07:13:54] STATUS CHANGE: CONNECTED_IDLE
[07:17:55] ✓ SYNC SUCCESS: POMODORO
[07:18:59] STATUS CHANGE: CONNECTED_IDLE
[07:21:48] ✓ SYNC SUCCESS: HABITS
[07:21:49] STATUS CHANGE: CONNECTED_IDLE
[07:26:48] ✓ SYNC SUCCESS: HABITS
[07:26:49] STATUS CHANGE: CONNECTED_IDLE
[07:31:48] ✓ SYNC SUCCESS: HABITS
[07:31:49] STATUS CHANGE: CONNECTED_IDLE
[07:36:48] ✓ SYNC SUCCESS: HABITS
[07:36:49] STATUS CHANGE: CONNECTED_IDLE
[07:41:49] ✓ SYNC SUCCESS: HABITS
[07:41:49] STATUS CHANGE: CONNECTED_IDLE
[07:42:57] ✓ SYNC SUCCESS: POMODORO
[07:43:59] STATUS CHANGE: CONNECTED_IDLE
[07:46:49] ✓ SYNC SUCCESS: HABITS
[07:46:49] STATUS CHANGE: CONNECTED_IDLE
[07:47:58] ✓ SYNC SUCCESS: POMODORO
[07:48:59] STATUS CHANGE: CONNECTED_IDLE
[07:51:49] ✓ SYNC SUCCESS: HABITS
[07:51:54] STATUS CHANGE: CONNECTED_IDLE
[07:56:50] ✓ SYNC SUCCESS: HABITS
[07:56:54] STATUS CHANGE: CONNECTED_IDLE
[08:01:50] ✓ SYNC SUCCESS: HABITS
[08:01:54] STATUS CHANGE: CONNECTED_IDLE
[08:06:51] ✓ SYNC SUCCESS: HABITS
[08:06:54] STATUS CHANGE: CONNECTED_IDLE
[08:11:51] ✓ SYNC SUCCESS: HABITS
[08:11:54] STATUS CHANGE: CONNECTED_IDLE
[08:12:59] ✓ SYNC SUCCESS: POMODORO
[08:14:04] STATUS CHANGE: CONNECTED_IDLE
[08:16:51] ✓ SYNC SUCCESS: HABITS
[08:16:54] STATUS CHANGE: CONNECTED_IDLE
[08:18:01] ✓ SYNC SUCCESS: POMODORO
[08:19:04] STATUS CHANGE: CONNECTED_IDLE
[08:21:52] ✓ SYNC SUCCESS: HABITS
[08:21:54] STATUS CHANGE: CONNECTED_IDLE
[08:26:52] ✓ SYNC SUCCESS: HABITS
[08:26:54] STATUS CHANGE: CONNECTED_IDLE
[08:31:52] ✓ SYNC SUCCESS: HABITS
[08:31:54] STATUS CHANGE: CONNECTED_IDLE
[08:36:52] ✓ SYNC SUCCESS: HABITS
[08:36:54] STATUS CHANGE: CONNECTED_IDLE
[08:41:53] ✓ SYNC SUCCESS: HABITS
[08:41:54] STATUS CHANGE: CONNECTED_IDLE
[08:43:02] ✓ SYNC SUCCESS: POMODORO
[08:44:04] STATUS CHANGE: CONNECTED_IDLE
[08:46:53] ✓ SYNC SUCCESS: HABITS
[08:46:54] STATUS CHANGE: CONNECTED_IDLE
[08:48:03] ✓ SYNC SUCCESS: POMODORO
[08:49:04] STATUS CHANGE: CONNECTED_IDLE
[08:51:53] ✓ SYNC SUCCESS: HABITS
[08:51:54] STATUS CHANGE: CONNECTED_IDLE
[08:56:54] ✓ SYNC SUCCESS: HABITS
[08:56:54] STATUS CHANGE: CONNECTED_IDLE
[09:01:54] ✓ SYNC SUCCESS: HABITS
[09:01:54] STATUS CHANGE: CONNECTED_IDLE
[09:06:54] ✓ SYNC SUCCESS: HABITS
[09:06:54] STATUS CHANGE: CONNECTED_IDLE
[09:11:55] ✓ SYNC SUCCESS: HABITS
[09:11:59] STATUS CHANGE: CONNECTED_IDLE
[09:13:05] ✓ SYNC SUCCESS: POMODORO
[09:14:09] STATUS CHANGE: CONNECTED_IDLE
[09:16:55] ✓ SYNC SUCCESS: HABITS
[09:16:59] STATUS CHANGE: CONNECTED_IDLE
[09:18:06] ✓ SYNC SUCCESS: POMODORO
[09:19:09] STATUS CHANGE: CONNECTED_IDLE
[09:21:55] ✓ SYNC SUCCESS: HABITS
[09:21:59] STATUS CHANGE: CONNECTED_IDLE
[09:26:56] ✓ SYNC SUCCESS: HABITS
[09:26:59] STATUS CHANGE: CONNECTED_IDLE
[09:48:26] ✗ WEBSOCKET DISCONNECTED: TASKS
[09:48:28] ✗ WEBSOCKET DISCONNECTED: ALARMS
[09:48:28] STATUS CHANGE: SYNCING_WITH_ISSUES
[09:53:09] ✗ SYNC ERROR: HABITS
✓ User logged in: piotr.prokop@promirbud.eu
✓ User logged in: piotr.prokop@promirbud.eu
[10:33:54] ✓ SYNC SUCCESS: HABITS
[10:33:54] ✓ SYNC SUCCESS: TASKS
[10:33:55] STATUS CHANGE: DISCONNECTED
[10:33:54] ✓ SYNC SUCCESS: TASKS
[10:33:55] STATUS CHANGE: DISCONNECTED
✓ User logged in: piotr.prokop@promirbud.eu
[07:12:40] ✓ SYNC SUCCESS: TASKS
[07:12:42] STATUS CHANGE: DISCONNECTED
✓ User logged in: piotr.prokop@promirbud.eu
[21:34:00] ✓ SYNC SUCCESS: TASKS
[21:34:02] STATUS CHANGE: DISCONNECTED
[21:34:03] ✓ SYNC SUCCESS: HABITS
✓ User logged in: piotr.prokop@promirbud.eu
✓ User logged in: piotr.prokop@promirbud.eu
[21:34:59] ✓ SYNC SUCCESS: ALARMS
[21:35:14] ✓ SYNC SUCCESS: TASKS
[21:35:16] STATUS CHANGE: SYNCING_OK
[21:36:04] STATUS CHANGE: CONNECTED_IDLE
✓ User logged in: piotr.prokop@promirbud.eu
[21:44:59] ✓ SYNC SUCCESS: ALARMS
[21:45:17] ✓ SYNC SUCCESS: TASKS
[21:45:18] STATUS CHANGE: SYNCING_OK
[21:46:04] STATUS CHANGE: CONNECTED_IDLE
[21:50:19] ✓ SYNC SUCCESS: HABITS
[21:50:24] STATUS CHANGE: CONNECTED_IDLE
[21:55:20] ✓ SYNC SUCCESS: HABITS
[21:55:24] STATUS CHANGE: CONNECTED_IDLE
[22:00:21] ✓ SYNC SUCCESS: HABITS
[22:00:24] STATUS CHANGE: CONNECTED_IDLE
[22:05:22] ✓ SYNC SUCCESS: HABITS
[22:05:24] STATUS CHANGE: CONNECTED_IDLE
[22:10:23] ✓ SYNC SUCCESS: HABITS
[22:10:24] STATUS CHANGE: CONNECTED_IDLE
[22:15:24] ✓ SYNC SUCCESS: HABITS
[22:15:29] STATUS CHANGE: CONNECTED_IDLE
[22:20:25] ✓ SYNC SUCCESS: HABITS
[22:20:29] STATUS CHANGE: CONNECTED_IDLE
[22:25:26] ✓ SYNC SUCCESS: HABITS
[22:25:29] STATUS CHANGE: CONNECTED_IDLE
[22:30:27] ✓ SYNC SUCCESS: HABITS
[22:30:29] STATUS CHANGE: CONNECTED_IDLE
[22:35:28] ✓ SYNC SUCCESS: HABITS
[22:35:29] STATUS CHANGE: CONNECTED_IDLE
[22:40:29] ✓ SYNC SUCCESS: HABITS
[22:40:29] STATUS CHANGE: CONNECTED_IDLE
[22:45:30] ✓ SYNC SUCCESS: HABITS
[22:45:34] STATUS CHANGE: CONNECTED_IDLE
[22:50:30] ✓ SYNC SUCCESS: HABITS
[22:50:34] STATUS CHANGE: CONNECTED_IDLE
[22:55:31] ✓ SYNC SUCCESS: HABITS
[22:55:34] STATUS CHANGE: CONNECTED_IDLE
[23:00:32] ✓ SYNC SUCCESS: HABITS
[23:00:34] STATUS CHANGE: CONNECTED_IDLE
[23:05:33] ✓ SYNC SUCCESS: HABITS
[23:05:34] STATUS CHANGE: CONNECTED_IDLE
[23:10:34] ✓ SYNC SUCCESS: HABITS
[23:10:39] STATUS CHANGE: CONNECTED_IDLE
[23:15:35] ✓ SYNC SUCCESS: HABITS
[23:15:39] STATUS CHANGE: CONNECTED_IDLE
[23:20:36] ✓ SYNC SUCCESS: HABITS
[23:20:39] STATUS CHANGE: CONNECTED_IDLE
[23:25:37] ✓ SYNC SUCCESS: HABITS
[23:25:39] STATUS CHANGE: CONNECTED_IDLE
[07:26:40] STATUS CHANGE: SYNCING_WITH_ISSUES
[07:26:38] ✗ WEBSOCKET DISCONNECTED: TASKS
[07:26:38] ✗ WEBSOCKET DISCONNECTED: ALARMS
[07:31:39] ✓ SYNC SUCCESS: HABITS
[07:31:43] STATUS CHANGE: SYNCING_WITH_ISSUES
[07:36:39] ✓ SYNC SUCCESS: HABITS
[07:36:43] STATUS CHANGE: SYNCING_WITH_ISSUES
✓ User logged in: piotr.prokop@promirbud.eu
[10:12:02] ✓ SYNC SUCCESS: TASKS
[10:12:03] STATUS CHANGE: DISCONNECTED
[10:57:02] ✓ SYNC SUCCESS: HABITS
[10:57:03] STATUS CHANGE: DISCONNECTED
[11:02:02] ✓ SYNC SUCCESS: HABITS
[11:02:03] STATUS CHANGE: DISCONNECTED
[11:07:03] ✓ SYNC SUCCESS: HABITS
[11:07:03] STATUS CHANGE: DISCONNECTED
[11:12:03] ✓ SYNC SUCCESS: HABITS
[11:12:03] STATUS CHANGE: DISCONNECTED
[11:17:04] ✓ SYNC SUCCESS: HABITS
[11:17:08] STATUS CHANGE: DISCONNECTED
[11:22:05] ✓ SYNC SUCCESS: HABITS
[11:22:08] STATUS CHANGE: DISCONNECTED
[11:27:05] ✓ SYNC SUCCESS: HABITS
[11:27:08] STATUS CHANGE: DISCONNECTED
[11:32:05] ✓ SYNC SUCCESS: HABITS
[11:32:08] STATUS CHANGE: DISCONNECTED
[11:37:06] ✓ SYNC SUCCESS: HABITS
[11:37:08] STATUS CHANGE: DISCONNECTED
[11:42:06] ✓ SYNC SUCCESS: HABITS
[11:42:08] STATUS CHANGE: DISCONNECTED
[11:47:07] ✓ SYNC SUCCESS: HABITS
[11:47:08] STATUS CHANGE: DISCONNECTED
[11:52:07] ✓ SYNC SUCCESS: HABITS
[11:52:08] STATUS CHANGE: DISCONNECTED
[11:57:08] ✓ SYNC SUCCESS: HABITS
[11:57:08] STATUS CHANGE: DISCONNECTED
[12:02:08] ✓ SYNC SUCCESS: HABITS
[12:02:08] STATUS CHANGE: DISCONNECTED
[12:07:09] ✓ SYNC SUCCESS: HABITS
[12:07:13] STATUS CHANGE: DISCONNECTED
[12:12:09] ✓ SYNC SUCCESS: HABITS
[12:12:13] STATUS CHANGE: DISCONNECTED
[12:17:09] ✓ SYNC SUCCESS: HABITS
[12:17:13] STATUS CHANGE: DISCONNECTED
[12:22:10] ✓ SYNC SUCCESS: HABITS
[12:22:13] STATUS CHANGE: DISCONNECTED
[12:27:10] ✓ SYNC SUCCESS: HABITS
[12:27:13] STATUS CHANGE: DISCONNECTED
[12:32:11] ✓ SYNC SUCCESS: HABITS
[12:32:13] STATUS CHANGE: DISCONNECTED
[12:37:11] ✓ SYNC SUCCESS: HABITS
[12:37:13] STATUS CHANGE: DISCONNECTED
[12:42:12] ✓ SYNC SUCCESS: HABITS
[12:42:13] STATUS CHANGE: DISCONNECTED
[12:47:12] ✓ SYNC SUCCESS: HABITS
[12:47:13] STATUS CHANGE: DISCONNECTED
[12:52:13] ✓ SYNC SUCCESS: HABITS
[12:52:13] STATUS CHANGE: DISCONNECTED
[12:57:13] ✓ SYNC SUCCESS: HABITS
[12:57:13] STATUS CHANGE: DISCONNECTED
[13:02:14] ✓ SYNC SUCCESS: HABITS
[13:02:18] STATUS CHANGE: DISCONNECTED
[13:07:14] ✓ SYNC SUCCESS: HABITS
[13:07:18] STATUS CHANGE: DISCONNECTED
[13:12:14] ✓ SYNC SUCCESS: HABITS
[13:12:18] STATUS CHANGE: DISCONNECTED
[13:17:15] ✓ SYNC SUCCESS: HABITS
[13:17:18] STATUS CHANGE: DISCONNECTED
[13:22:15] ✓ SYNC SUCCESS: HABITS
[13:22:18] STATUS CHANGE: DISCONNECTED
[13:27:16] ✓ SYNC SUCCESS: HABITS
[13:27:18] STATUS CHANGE: DISCONNECTED
[13:32:16] ✓ SYNC SUCCESS: HABITS
[13:32:18] STATUS CHANGE: DISCONNECTED
[13:37:16] ✓ SYNC SUCCESS: HABITS
[13:37:18] STATUS CHANGE: DISCONNECTED
[13:42:17] ✓ SYNC SUCCESS: HABITS
[13:42:18] STATUS CHANGE: DISCONNECTED
[13:47:18] ✓ SYNC SUCCESS: HABITS
[13:47:18] STATUS CHANGE: DISCONNECTED
[13:52:19] ✓ SYNC SUCCESS: HABITS
[13:52:23] STATUS CHANGE: DISCONNECTED
[13:57:20] ✓ SYNC SUCCESS: HABITS
[13:57:23] STATUS CHANGE: DISCONNECTED
[14:02:20] ✓ SYNC SUCCESS: HABITS
[14:02:23] STATUS CHANGE: DISCONNECTED
[14:07:20] ✓ SYNC SUCCESS: HABITS
[14:07:23] STATUS CHANGE: DISCONNECTED
✓ User logged in: piotr.prokop@promirbud.eu
[17:47:43] ✓ SYNC SUCCESS: TASKS
[17:47:44] STATUS CHANGE: DISCONNECTED
[18:42:32] ✗ WEBSOCKET DISCONNECTED: TASKS
[19:43:05] ✓ SYNC SUCCESS: ALARMS
[19:44:09] STATUS CHANGE: CONNECTED_IDLE
[20:04:50] ✗ WEBSOCKET DISCONNECTED: ALARMS
[20:04:54] STATUS CHANGE: SYNCING_WITH_ISSUES
[20:05:17] ✓ SYNC SUCCESS: ALARMS
[20:06:19] STATUS CHANGE: CONNECTED_IDLE
[23:16:36] ✓ SYNC SUCCESS: HABITS
[23:16:39] STATUS CHANGE: CONNECTED_IDLE
[23:21:37] ✓ SYNC SUCCESS: HABITS
[23:21:39] STATUS CHANGE: CONNECTED_IDLE
[23:26:37] ✓ SYNC SUCCESS: HABITS
[23:26:39] STATUS CHANGE: CONNECTED_IDLE
[23:31:38] ✓ SYNC SUCCESS: HABITS
[23:31:39] STATUS CHANGE: CONNECTED_IDLE
[23:36:38] ✓ SYNC SUCCESS: HABITS
[23:36:39] STATUS CHANGE: CONNECTED_IDLE
[23:41:38] ✓ SYNC SUCCESS: HABITS
[23:41:39] STATUS CHANGE: CONNECTED_IDLE
[23:46:39] ✓ SYNC SUCCESS: HABITS
[23:46:39] STATUS CHANGE: CONNECTED_IDLE
[23:51:40] ✓ SYNC SUCCESS: HABITS
[23:51:44] STATUS CHANGE: CONNECTED_IDLE
✓ User logged in: piotr.prokop@promirbud.eu
[07:06:16] ✓ SYNC SUCCESS: TASKS
[07:06:18] STATUS CHANGE: DISCONNECTED
[07:11:16] ✓ SYNC SUCCESS: HABITS
[07:11:20] STATUS CHANGE: DISCONNECTED
✓ User logged in: piotr.prokop@promirbud.eu
[17:29:18] ✓ SYNC SUCCESS: ALARMS
[17:29:35] ✓ SYNC SUCCESS: TASKS
[17:29:35] ✓ SYNC SUCCESS: TASKS
[17:29:35] ✓ SYNC SUCCESS: HABITS
[17:30:22] STATUS CHANGE: CONNECTED_IDLE
✓ User logged in: piotr.prokop@promirbud.eu
[22:17:36] ✓ SYNC SUCCESS: TASKS
[22:17:37] STATUS CHANGE: DISCONNECTED
✓ User logged in: piotr.prokop@promirbud.eu
[22:22:08] STATUS CHANGE: DISCONNECTED
[22:24:30] ✓ SYNC SUCCESS: HABITS
[22:24:33] STATUS CHANGE: DISCONNECTED
[22:29:31] ✓ SYNC SUCCESS: HABITS
[22:29:33] STATUS CHANGE: DISCONNECTED
[22:34:32] ✓ SYNC SUCCESS: HABITS
[22:34:33] STATUS CHANGE: DISCONNECTED
[22:39:33] ✓ SYNC SUCCESS: HABITS
[22:39:33] STATUS CHANGE: DISCONNECTED
[22:44:33] ✓ SYNC SUCCESS: HABITS
[22:44:38] STATUS CHANGE: DISCONNECTED
[22:49:34] ✓ SYNC SUCCESS: HABITS
[22:49:38] STATUS CHANGE: DISCONNECTED
[22:54:34] ✓ SYNC SUCCESS: HABITS
[22:54:38] STATUS CHANGE: DISCONNECTED
