✓ User logged in: piotr.prokop@promirbud.eu
[17:51:18] ✓ SYNC SUCCESS: ALARMS
[17:51:20] ✓ SYNC SUCCESS: TASKS
[17:51:22] STATUS CHANGE: SYNCING_OK
✓ User logged in: piotr.prokop@promirbud.eu
[17:52:53] STATUS CHANGE: SYNCING_OK
[17:52:51] ✓ SYNC SUCCESS: ALARMS
[17:52:53] ✓ SYNC SUCCESS: TASKS
[17:53:55] STATUS CHANGE: CONNECTED_IDLE
[17:57:54] ✓ SYNC SUCCESS: HABITS
[17:57:55] STATUS CHANGE: CONNECTED_IDLE
✓ User logged in: piotr.prokop@promirbud.eu
[18:04:06] ✓ SYNC SUCCESS: TASKS
[18:04:08] STATUS CHANGE: DISCONNECTED
✓ User logged in: piotr.prokop@promirbud.eu
[18:12:26] ✓ SYNC SUCCESS: ALARMS
[18:12:27] ✓ SYNC SUCCESS: TASKS
[18:12:31] STATUS CHANGE: SYNCING_OK
✓ User logged in: piotr.prokop@promirbud.eu
[18:13:12] ✓ SYNC SUCCESS: ALARMS
[18:13:14] ✓ SYNC SUCCESS: TASKS
[18:13:16] STATUS CHANGE: SYNCING_OK
✓ User logged in: piotr.prokop@promirbud.eu
[18:14:30] ✓ SYNC SUCCESS: ALARMS
[18:14:33] ✓ SYNC SUCCESS: TASKS
[18:14:34] STATUS CHANGE: SYNCING_OK
✓ User logged in: piotr.prokop@promirbud.eu
[19:23:37] ✓ SYNC SUCCESS: TASKS
[19:23:38] STATUS CHANGE: DISCONNECTED
✓ User logged in: piotr.prokop@promirbud.eu
[19:24:40] ✓ SYNC SUCCESS: ALARMS
[19:24:46] ✓ SYNC SUCCESS: TASKS
[19:24:47] STATUS CHANGE: SYNCING_OK
[19:25:45] STATUS CHANGE: CONNECTED_IDLE
✓ User logged in: piotr.prokop@promirbud.eu
[19:26:50] ✓ SYNC SUCCESS: ALARMS
[19:26:56] ✓ SYNC SUCCESS: TASKS
[19:26:57] STATUS CHANGE: SYNCING_OK
✓ User logged in: piotr.prokop@promirbud.eu
[19:27:11] ✓ SYNC SUCCESS: ALARMS
[19:27:16] ✓ SYNC SUCCESS: TASKS
[19:27:18] STATUS CHANGE: SYNCING_OK
✓ User logged in: piotr.prokop@promirbud.eu
[19:27:57] ✓ SYNC SUCCESS: ALARMS
[19:28:03] ✓ SYNC SUCCESS: TASKS
[19:28:04] STATUS CHANGE: SYNCING_OK
✓ User logged in: piotr.prokop@promirbud.eu
[19:28:18] ✓ SYNC SUCCESS: ALARMS
[19:28:23] ✓ SYNC SUCCESS: TASKS
[19:28:24] STATUS CHANGE: SYNCING_OK
[19:29:22] STATUS CHANGE: CONNECTED_IDLE
✓ User logged in: piotr.prokop@promirbud.eu
[06:56:22] ✓ SYNC SUCCESS: TASKS
[06:56:23] STATUS CHANGE: DISCONNECTED
[07:01:16] ✓ SYNC SUCCESS: POMODORO
[07:01:22] ✓ SYNC SUCCESS: HABITS
[07:02:19] STATUS CHANGE: CONNECTED_IDLE
[07:16:24] ✓ SYNC SUCCESS: HABITS
[07:16:29] STATUS CHANGE: CONNECTED_IDLE
[07:26:23] ✗ SYNC ERROR: TASKS
[07:26:24] STATUS CHANGE: CONNECTED_IDLE
✓ User logged in: piotr.prokop@promirbud.eu
[07:32:22] ✓ SYNC SUCCESS: ALARMS
[07:32:27] ✓ SYNC SUCCESS: TASKS
[07:32:29] STATUS CHANGE: SYNCING_OK
[07:33:26] STATUS CHANGE: CONNECTED_IDLE
✓ User logged in: piotr.prokop@promirbud.eu
[22:02:40] ✓ SYNC SUCCESS: TASKS
[22:02:41] STATUS CHANGE: DISCONNECTED
